{
  "stats": {
    "suites": 0,
    "tests": 2,
    "passes": 2,
    "pending": 0,
    "failures": 0,
    "start": "2023-10-29T01:55:54.325Z",
    "end": "2023-10-29T01:56:08.856Z",
    "duration": 14531,
    "testsRegistered": 2,
    "passPercent": 100,
    "pendingPercent": 0,
    "other": 0,
    "hasOther": false,
    "skipped": 0,
    "hasSkipped": false
  },
  "results": [
    {
      "uuid": "7b890b8b-f976-40b4-87b4-4b341c00025d",
      "title": "",
      "fullFile": "cypress/integration/addtocart.ts",
      "file": "cypress/integration/addtocart.ts",
      "beforeHooks": [],
      "afterHooks": [],
      "tests": [
        {
          "title": "Test Sauce Demo Sauce labs product fleece jacket & bolt t-shirt - Add To Cart",
          "fullTitle": "Test Sauce Demo Sauce labs product fleece jacket & bolt t-shirt - Add To Cart",
          "timedOut": null,
          "duration": 6825,
          "state": "passed",
          "speed": "medium",
          "pass": true,
          "fail": false,
          "pending": false,
          "context": null,
          "code": "loginPage.login(URL, 'standard_user', 'secret_sauce');\nloginPage.assertLogin();\ndashboardPage.sauceLabsFleeceJacket();\ndashboardPage.clickBackToProducts();\ndashboardPage.sauceLabsBoltTShirt();\ncartPage.clickCart();\ncartPage.assertFleeceJacketAndBoltTshirt();",
          "err": {},
          "uuid": "c7c22b7e-674d-4e9a-96fb-5c7b63a6c56e",
          "parentUUID": "7b890b8b-f976-40b4-87b4-4b341c00025d",
          "isHook": false,
          "skipped": false
        },
        {
          "title": "Test Sauce Demo Sauce labs product fleece jacket & bolt t-shirt - Remove From Cart",
          "fullTitle": "Test Sauce Demo Sauce labs product fleece jacket & bolt t-shirt - Remove From Cart",
          "timedOut": null,
          "duration": 4636,
          "state": "passed",
          "speed": "fast",
          "pass": true,
          "fail": false,
          "pending": false,
          "context": null,
          "code": "loginPage.login(URL, 'standard_user', 'secret_sauce');\ndashboardPage.sauceLabsFleeceJacket();\ndashboardPage.clickBackToProducts();\ndashboardPage.sauceLabsBoltTShirt();\ncartPage.clickCart();\ncartPage.assertFleeceJacketAndBoltTshirt();\ncartPage.removeFleeceJacketnBoltTshirt();",
          "err": {},
          "uuid": "3f16a719-b77e-4c77-9fa5-5ec9aedfc8eb",
          "parentUUID": "7b890b8b-f976-40b4-87b4-4b341c00025d",
          "isHook": false,
          "skipped": false
        }
      ],
      "suites": [],
      "passes": [
        "c7c22b7e-674d-4e9a-96fb-5c7b63a6c56e",
        "3f16a719-b77e-4c77-9fa5-5ec9aedfc8eb"
      ],
      "failures": [],
      "pending": [],
      "skipped": [],
      "duration": 11461,
      "root": true,
      "rootEmpty": false,
      "_timeout": 2000
    }
  ],
  "meta": {
    "mocha": {
      "version": "7.0.1"
    },
    "mochawesome": {
      "options": {
        "quiet": false,
        "reportFilename": "mochawesome",
        "saveHtml": false,
        "saveJson": true,
        "consoleReporter": "spec",
        "useInlineDiffs": false,
        "code": true
      },
      "version": "7.1.3"
    },
    "marge": {
      "options": {
        "chart": true,
        "overwrite": false,
        "html": false,
        "json": true,
        "reportDir": "cypress/reports"
      },
      "version": "6.2.0"
    }
  }
}