{
  "stats": {
    "suites": 0,
    "tests": 2,
    "passes": 2,
    "pending": 0,
    "failures": 0,
    "start": "2023-10-29T01:56:14.638Z",
    "end": "2023-10-29T01:56:31.511Z",
    "duration": 16873,
    "testsRegistered": 2,
    "passPercent": 100,
    "pendingPercent": 0,
    "other": 0,
    "hasOther": false,
    "skipped": 0,
    "hasSkipped": false
  },
  "results": [
    {
      "uuid": "9cd3427e-4ba9-401b-8011-516259bc92eb",
      "title": "",
      "fullFile": "cypress/integration/checkout.ts",
      "file": "cypress/integration/checkout.ts",
      "beforeHooks": [],
      "afterHooks": [],
      "tests": [
        {
          "title": "Test Sauce Demo Failed Checkout because Empty Information",
          "fullTitle": "Test Sauce Demo Failed Checkout because Empty Information",
          "timedOut": null,
          "duration": 3897,
          "state": "passed",
          "speed": "fast",
          "pass": true,
          "fail": false,
          "pending": false,
          "context": null,
          "code": "loginPage.login(URL, 'standard_user', 'secret_sauce');\nloginPage.assertLogin();\ndashboardPage.sauceLabsFleeceJacket();\ndashboardPage.clickBackToProducts();\ndashboardPage.sauceLabsBoltTShirt();\ncartPage.checkoutProductEmptyInformation();\ncartPage.assertFailCheckoutEmptyInformation();",
          "err": {},
          "uuid": "91e5b183-e86a-468f-9c73-ed921b8b7491",
          "parentUUID": "9cd3427e-4ba9-401b-8011-516259bc92eb",
          "isHook": false,
          "skipped": false
        },
        {
          "title": "Test Sauce Demo Success Checkout Sauce Labs Fleece Jacket and Bolt T-Shirt in Cart",
          "fullTitle": "Test Sauce Demo Success Checkout Sauce Labs Fleece Jacket and Bolt T-Shirt in Cart",
          "timedOut": null,
          "duration": 8336,
          "state": "passed",
          "speed": "medium",
          "pass": true,
          "fail": false,
          "pending": false,
          "context": null,
          "code": "loginPage.login(URL, 'standard_user', 'secret_sauce');\nloginPage.assertLogin();\ndashboardPage.sauceLabsFleeceJacket();\ndashboardPage.clickBackToProducts();\ndashboardPage.sauceLabsBoltTShirt();\ncartPage.checkoutProduct();",
          "err": {},
          "uuid": "ba55aabc-0ca8-4fc9-b96a-c434880b1808",
          "parentUUID": "9cd3427e-4ba9-401b-8011-516259bc92eb",
          "isHook": false,
          "skipped": false
        }
      ],
      "suites": [],
      "passes": [
        "91e5b183-e86a-468f-9c73-ed921b8b7491",
        "ba55aabc-0ca8-4fc9-b96a-c434880b1808"
      ],
      "failures": [],
      "pending": [],
      "skipped": [],
      "duration": 12233,
      "root": true,
      "rootEmpty": false,
      "_timeout": 2000
    }
  ],
  "meta": {
    "mocha": {
      "version": "7.0.1"
    },
    "mochawesome": {
      "options": {
        "quiet": false,
        "reportFilename": "mochawesome",
        "saveHtml": false,
        "saveJson": true,
        "consoleReporter": "spec",
        "useInlineDiffs": false,
        "code": true
      },
      "version": "7.1.3"
    },
    "marge": {
      "options": {
        "chart": true,
        "overwrite": false,
        "html": false,
        "json": true,
        "reportDir": "cypress/reports"
      },
      "version": "6.2.0"
    }
  }
}