{
  "stats": {
    "suites": 0,
    "tests": 2,
    "passes": 2,
    "pending": 0,
    "failures": 0,
    "start": "2023-10-29T02:09:41.516Z",
    "end": "2023-10-29T02:10:00.563Z",
    "duration": 19047,
    "testsRegistered": 2,
    "passPercent": 100,
    "pendingPercent": 0,
    "other": 0,
    "hasOther": false,
    "skipped": 0,
    "hasSkipped": false
  },
  "results": [
    {
      "uuid": "e39e8fb3-8a9c-41d1-9a5c-41b1ea727e6e",
      "title": "",
      "fullFile": "cypress/integration/checkout.ts",
      "file": "cypress/integration/checkout.ts",
      "beforeHooks": [],
      "afterHooks": [],
      "tests": [
        {
          "title": "Test Sauce Demo Failed Checkout because Empty Information",
          "fullTitle": "Test Sauce Demo Failed Checkout because Empty Information",
          "timedOut": null,
          "duration": 5895,
          "state": "passed",
          "speed": "medium",
          "pass": true,
          "fail": false,
          "pending": false,
          "context": null,
          "code": "loginPage.login(URL, 'standard_user', 'secret_sauce');\nloginPage.assertLogin();\ndashboardPage.sauceLabsFleeceJacket();\ndashboardPage.clickBackToProducts();\ndashboardPage.sauceLabsBoltTShirt();\ncartPage.checkoutProductEmptyInformation();\ncartPage.assertFailCheckoutEmptyInformation();",
          "err": {},
          "uuid": "f19ab535-ea7d-4b4d-a048-4d76b8e7ba99",
          "parentUUID": "e39e8fb3-8a9c-41d1-9a5c-41b1ea727e6e",
          "isHook": false,
          "skipped": false
        },
        {
          "title": "Test Sauce Demo Success Checkout Sauce Labs Fleece Jacket and Bolt T-Shirt in Cart",
          "fullTitle": "Test Sauce Demo Success Checkout Sauce Labs Fleece Jacket and Bolt T-Shirt in Cart",
          "timedOut": null,
          "duration": 8818,
          "state": "passed",
          "speed": "medium",
          "pass": true,
          "fail": false,
          "pending": false,
          "context": null,
          "code": "loginPage.login(URL, 'standard_user', 'secret_sauce');\nloginPage.assertLogin();\ndashboardPage.sauceLabsFleeceJacket();\ndashboardPage.clickBackToProducts();\ndashboardPage.sauceLabsBoltTShirt();\ncartPage.checkoutProduct();",
          "err": {},
          "uuid": "9978969a-644d-42c8-8e21-a5e64e70d82d",
          "parentUUID": "e39e8fb3-8a9c-41d1-9a5c-41b1ea727e6e",
          "isHook": false,
          "skipped": false
        }
      ],
      "suites": [],
      "passes": [
        "f19ab535-ea7d-4b4d-a048-4d76b8e7ba99",
        "9978969a-644d-42c8-8e21-a5e64e70d82d"
      ],
      "failures": [],
      "pending": [],
      "skipped": [],
      "duration": 14713,
      "root": true,
      "rootEmpty": false,
      "_timeout": 2000
    }
  ],
  "meta": {
    "mocha": {
      "version": "7.0.1"
    },
    "mochawesome": {
      "options": {
        "quiet": false,
        "reportFilename": "mochawesome",
        "saveHtml": false,
        "saveJson": true,
        "consoleReporter": "spec",
        "useInlineDiffs": false,
        "code": true
      },
      "version": "7.1.3"
    },
    "marge": {
      "options": {
        "chart": true,
        "overwrite": false,
        "html": false,
        "json": true,
        "reportDir": "cypress/reports"
      },
      "version": "6.2.0"
    }
  }
}